<?xml version="1.0" encoding="UTF-8"?>
<testng-results ignored="0" total="1" passed="1" failed="0" skipped="0">
  <reporter-output>
  </reporter-output>
  <suite started-at="2021-04-19T09:54:02 ICT" name="Default suite" finished-at="2021-04-19T09:54:07 ICT" duration-ms="5493">
    <groups>
    </groups>
    <test started-at="2021-04-19T09:54:02 ICT" name="Default test" finished-at="2021-04-19T09:54:07 ICT" duration-ms="5493">
      <class name="Capture.Screenshot">
        <test-method signature="testScreenShot()[pri:0, instance:Capture.Screenshot@670002]" started-at="2021-04-19T09:54:02 ICT" name="testScreenShot" finished-at="2021-04-19T09:54:07 ICT" duration-ms="5467" status="PASS">
          <reporter-output>
          </reporter-output>
        </test-method> <!-- testScreenShot -->
      </class> <!-- Capture.Screenshot -->
    </test> <!-- Default test -->
  </suite> <!-- Default suite -->
</testng-results>
